<?xml version="1.0" encoding="UTF-8"?>
<!-- Generated by org.testng.reporters.JUnitReportReporter -->
<testsuite hostname="DESKTOP-2T600MT" failures="0" tests="2" name="Test.FirstClass" time="0.014" errors="0" timestamp="2023-01-11T17:39:10 IST" skipped="0">
  <testcase classname="Test.FirstClass" name="Demo" time="0.008"/>
  <system-out/>
  <testcase classname="Test.FirstClass" name="Demo2" time="0.006"/>
  <system-out/>
</testsuite> <!-- Test.FirstClass -->
