<?xml version="1.0" encoding="UTF-8"?>
<!-- Generated by org.testng.reporters.JUnitReportReporter -->
<testsuite hostname="DESKTOP-2T600MT" failures="0" tests="2" name="Test.ForthClass" time="0.008" errors="0" timestamp="2023-01-11T17:39:10 IST" skipped="0">
  <testcase classname="Test.ForthClass" name="District" time="0.002"/>
  <system-out/>
  <testcase classname="Test.ForthClass" name="Nationality" time="0.006"/>
  <system-out/>
</testsuite> <!-- Test.ForthClass -->
