<?xml version="1.0" encoding="UTF-8"?>
<!-- Generated by org.testng.reporters.JUnitReportReporter -->
<testsuite hostname="DESKTOP-2T600MT" failures="0" tests="1" name="Test.ThirdClass" time="0.001" errors="0" timestamp="2023-01-11T17:39:10 IST" skipped="0">
  <testcase classname="Test.ThirdClass" name="phone" time="0.001"/>
  <system-out/>
</testsuite> <!-- Test.ThirdClass -->
