<?xml version="1.0" encoding="UTF-8"?>
<!-- Generated by org.testng.reporters.JUnitReportReporter -->
<testsuite hostname="DESKTOP-2T600MT" failures="0" tests="1" name="Test.SecondClass" time="0.008" errors="0" timestamp="2023-01-11T17:36:33 IST" skipped="0">
  <testcase classname="Test.SecondClass" name="name" time="0.008"/>
  <system-out/>
</testsuite> <!-- Test.SecondClass -->
